<?xml version="1.0" encoding="utf-8"?><testsuites name="pytest tests"><testsuite name="pytest" errors="0" failures="0" skipped="0" tests="21" time="9.111" timestamp="2026-07-26T19:25:55.178667+00:00" hostname="agent-env-20e85495-443d-49da-b895-e553771e79c6"><testcase classname="backend.tests.test_fan_role" name="test_fan_seed_login" time="0.534" /><testcase classname="backend.tests.test_fan_role" name="test_player_seed_login" time="0.380" /><testcase classname="backend.tests.test_fan_role" name="test_recruiter_seed_login" time="0.370" /><testcase classname="backend.tests.test_fan_role" name="test_fan_register_new_account" time="0.352" /><testcase classname="backend.tests.test_fan_role" name="test_fan_register_invalid_role_rejected" time="0.134" /><testcase classname="backend.tests.test_fan_role" name="test_fan_update_profile_ok" time="0.155" /><testcase classname="backend.tests.test_fan_role" name="test_fan_profile_update_ignores_role_change_to_bogus" time="0.186" /><testcase classname="backend.tests.test_fan_role" name="test_fan_can_list_athletes" time="0.147" /><testcase classname="backend.tests.test_fan_role" name="test_fan_can_list_offers" time="0.103" /><testcase classname="backend.tests.test_fan_role" name="test_fan_can_list_lives" time="0.101" /><testcase classname="backend.tests.test_fan_role" name="test_fan_can_get_athlete_detail" time="0.105" /><testcase classname="backend.tests.test_fan_role" name="test_fan_cannot_create_offer_403" time="0.133" /><testcase classname="backend.tests.test_fan_role" name="test_fan_cannot_apply_403" time="0.142" /><testcase classname="backend.tests.test_fan_role" name="test_fan_cannot_use_ai_match_403" time="0.133" /><testcase classname="backend.tests.test_fan_role" name="test_fan_can_start_conversation_with_athlete" time="0.105" /><testcase classname="backend.tests.test_fan_role" name="test_fan_can_send_message" time="0.106" /><testcase classname="backend.tests.test_fan_role" name="test_fan_can_list_conversations" time="0.099" /><testcase classname="backend.tests.test_fan_role" name="test_fan_can_read_messages" time="0.114" /><testcase classname="backend.tests.test_fan_role" name="test_regression_player_can_apply_to_offer" time="0.103" /><testcase classname="backend.tests.test_fan_role" name="test_regression_recruiter_can_delete_own_offer" time="0.114" /><testcase classname="backend.tests.test_fan_role" name="test_fan_ai_profile_summary_allowed_but_not_useful" time="5.436" /></testsuite></testsuites>