<?xml version="1.0" encoding="utf-8"?><testsuites name="pytest tests"><testsuite name="pytest" errors="0" failures="0" skipped="0" tests="34" time="16.280" timestamp="2026-07-19T15:56:04.243349+00:00" hostname="agent-env-20e85495-443d-49da-b895-e553771e79c6"><testcase classname="backend.tests.test_scoutmoi_api" name="test_root_health" time="0.298" /><testcase classname="backend.tests.test_scoutmoi_api" name="test_register_new_player" time="0.332" /><testcase classname="backend.tests.test_scoutmoi_api" name="test_register_new_recruiter" time="0.359" /><testcase classname="backend.tests.test_scoutmoi_api" name="test_register_duplicate_email" time="0.098" /><testcase classname="backend.tests.test_scoutmoi_api" name="test_register_invalid_role" time="0.118" /><testcase classname="backend.tests.test_scoutmoi_api" name="test_login_seed_player" time="0.352" /><testcase classname="backend.tests.test_scoutmoi_api" name="test_login_seed_recruiter" time="0.354" /><testcase classname="backend.tests.test_scoutmoi_api" name="test_login_bad_password" time="0.360" /><testcase classname="backend.tests.test_scoutmoi_api" name="test_me_requires_auth" time="0.095" /><testcase classname="backend.tests.test_scoutmoi_api" name="test_me_returns_user" time="0.151" /><testcase classname="backend.tests.test_scoutmoi_api" name="test_update_player_profile" time="0.150" /><testcase classname="backend.tests.test_scoutmoi_api" name="test_update_recruiter_profile" time="0.148" /><testcase classname="backend.tests.test_scoutmoi_api" name="test_list_athletes_and_filter" time="0.151" /><testcase classname="backend.tests.test_scoutmoi_api" name="test_get_athlete_detail" time="0.111" /><testcase classname="backend.tests.test_scoutmoi_api" name="test_get_athlete_not_found" time="0.094" /><testcase classname="backend.tests.test_scoutmoi_api" name="test_create_offer_recruiter" time="0.094" /><testcase classname="backend.tests.test_scoutmoi_api" name="test_player_cannot_create_offer" time="0.103" /><testcase classname="backend.tests.test_scoutmoi_api" name="test_list_offers_and_filter" time="0.146" /><testcase classname="backend.tests.test_scoutmoi_api" name="test_offers_mine" time="0.094" /><testcase classname="backend.tests.test_scoutmoi_api" name="test_get_offer_detail" time="0.111" /><testcase classname="backend.tests.test_scoutmoi_api" name="test_player_applies_creates_conversation" time="0.168" /><testcase classname="backend.tests.test_scoutmoi_api" name="test_duplicate_application_blocked" time="0.105" /><testcase classname="backend.tests.test_scoutmoi_api" name="test_recruiter_cannot_apply" time="0.128" /><testcase classname="backend.tests.test_scoutmoi_api" name="test_applications_mine" time="0.100" /><testcase classname="backend.tests.test_scoutmoi_api" name="test_offer_applications_for_recruiter" time="0.098" /><testcase classname="backend.tests.test_scoutmoi_api" name="test_list_conversations" time="0.103" /><testcase classname="backend.tests.test_scoutmoi_api" name="test_get_messages_intro" time="0.112" /><testcase classname="backend.tests.test_scoutmoi_api" name="test_send_message_recruiter_reply" time="0.194" /><testcase classname="backend.tests.test_scoutmoi_api" name="test_get_messages_forbidden_for_outsider" time="0.427" /><testcase classname="backend.tests.test_scoutmoi_api" name="test_start_conversation_endpoint" time="0.127" /><testcase classname="backend.tests.test_scoutmoi_api" name="test_ai_profile_summary" time="7.810" /><testcase classname="backend.tests.test_scoutmoi_api" name="test_ai_match_suggestions_recruiter" time="2.539" /><testcase classname="backend.tests.test_scoutmoi_api" name="test_ai_match_forbidden_for_player" time="0.110" /><testcase classname="backend.tests.test_scoutmoi_api" name="test_logout_invalidates_session" time="0.472" /></testsuite></testsuites>