<?xml version="1.0" encoding="utf-8"?><testsuites name="pytest tests"><testsuite name="pytest" errors="0" failures="0" skipped="0" tests="54" time="21.388" timestamp="2026-07-19T17:33:08.094157+00:00" hostname="agent-env-20e85495-443d-49da-b895-e553771e79c6"><testcase classname="backend.tests.test_scoutmoi_api" name="test_root_health" time="0.191" /><testcase classname="backend.tests.test_scoutmoi_api" name="test_register_new_player" time="0.323" /><testcase classname="backend.tests.test_scoutmoi_api" name="test_register_new_recruiter" time="0.333" /><testcase classname="backend.tests.test_scoutmoi_api" name="test_register_duplicate_email" time="0.106" /><testcase classname="backend.tests.test_scoutmoi_api" name="test_register_invalid_role" time="0.101" /><testcase classname="backend.tests.test_scoutmoi_api" name="test_login_seed_player" time="0.330" /><testcase classname="backend.tests.test_scoutmoi_api" name="test_login_seed_recruiter" time="0.324" /><testcase classname="backend.tests.test_scoutmoi_api" name="test_login_bad_password" time="0.316" /><testcase classname="backend.tests.test_scoutmoi_api" name="test_me_requires_auth" time="0.098" /><testcase classname="backend.tests.test_scoutmoi_api" name="test_me_returns_user" time="0.101" /><testcase classname="backend.tests.test_scoutmoi_api" name="test_update_player_profile" time="0.174" /><testcase classname="backend.tests.test_scoutmoi_api" name="test_update_recruiter_profile" time="0.095" /><testcase classname="backend.tests.test_scoutmoi_api" name="test_list_athletes_and_filter" time="0.140" /><testcase classname="backend.tests.test_scoutmoi_api" name="test_get_athlete_detail" time="0.099" /><testcase classname="backend.tests.test_scoutmoi_api" name="test_get_athlete_not_found" time="0.096" /><testcase classname="backend.tests.test_scoutmoi_api" name="test_create_offer_recruiter" time="0.100" /><testcase classname="backend.tests.test_scoutmoi_api" name="test_player_cannot_create_offer" time="0.097" /><testcase classname="backend.tests.test_scoutmoi_api" name="test_list_offers_and_filter" time="0.141" /><testcase classname="backend.tests.test_scoutmoi_api" name="test_offers_mine" time="0.101" /><testcase classname="backend.tests.test_scoutmoi_api" name="test_get_offer_detail" time="0.094" /><testcase classname="backend.tests.test_scoutmoi_api" name="test_player_applies_creates_conversation" time="0.101" /><testcase classname="backend.tests.test_scoutmoi_api" name="test_duplicate_application_blocked" time="0.098" /><testcase classname="backend.tests.test_scoutmoi_api" name="test_recruiter_cannot_apply" time="0.095" /><testcase classname="backend.tests.test_scoutmoi_api" name="test_applications_mine" time="0.098" /><testcase classname="backend.tests.test_scoutmoi_api" name="test_offer_applications_for_recruiter" time="0.100" /><testcase classname="backend.tests.test_scoutmoi_api" name="test_list_conversations" time="0.096" /><testcase classname="backend.tests.test_scoutmoi_api" name="test_get_messages_intro" time="0.098" /><testcase classname="backend.tests.test_scoutmoi_api" name="test_send_message_recruiter_reply" time="0.104" /><testcase classname="backend.tests.test_scoutmoi_api" name="test_get_messages_forbidden_for_outsider" time="0.374" /><testcase classname="backend.tests.test_scoutmoi_api" name="test_send_text_only_message" time="0.102" /><testcase classname="backend.tests.test_scoutmoi_api" name="test_send_image_only_message" time="0.100" /><testcase classname="backend.tests.test_scoutmoi_api" name="test_send_empty_message_400" time="0.106" /><testcase classname="backend.tests.test_scoutmoi_api" name="test_send_both_null_message_400" time="0.097" /><testcase classname="backend.tests.test_scoutmoi_api" name="test_get_messages_include_image_field" time="0.099" /><testcase classname="backend.tests.test_scoutmoi_api" name="test_conversations_last_message_photo_preview" time="0.234" /><testcase classname="backend.tests.test_scoutmoi_api" name="test_conversations_last_message_text_preview" time="0.159" /><testcase classname="backend.tests.test_scoutmoi_api" name="test_non_participant_cannot_post_message" time="0.364" /><testcase classname="backend.tests.test_scoutmoi_api" name="test_send_message_to_unknown_conversation_404" time="0.100" /><testcase classname="backend.tests.test_scoutmoi_api" name="test_start_conversation_endpoint" time="0.099" /><testcase classname="backend.tests.test_scoutmoi_api" name="test_ai_profile_summary" time="7.405" /><testcase classname="backend.tests.test_scoutmoi_api" name="test_ai_match_suggestions_recruiter" time="5.074" /><testcase classname="backend.tests.test_scoutmoi_api" name="test_ai_match_forbidden_for_player" time="0.112" /><testcase classname="backend.tests.test_scoutmoi_api" name="test_presence_endpoint_updates_last_seen" time="0.184" /><testcase classname="backend.tests.test_scoutmoi_api" name="test_presence_requires_auth" time="0.091" /><testcase classname="backend.tests.test_scoutmoi_api" name="test_conversations_include_unread_count" time="0.192" /><testcase classname="backend.tests.test_scoutmoi_api" name="test_get_messages_marks_conversation_as_read" time="0.191" /><testcase classname="backend.tests.test_scoutmoi_api" name="test_read_receipts_other_last_read" time="0.112" /><testcase classname="backend.tests.test_scoutmoi_api" name="test_pagination_limit_and_has_more" time="0.405" /><testcase classname="backend.tests.test_scoutmoi_api" name="test_pagination_before_returns_older" time="0.100" /><testcase classname="backend.tests.test_scoutmoi_api" name="test_pagination_after_returns_only_new_messages" time="0.384" /><testcase classname="backend.tests.test_scoutmoi_api" name="test_get_messages_non_participant_404" time="0.374" /><testcase classname="backend.tests.test_scoutmoi_api" name="test_get_messages_unknown_conversation_404" time="0.097" /><testcase classname="backend.tests.test_scoutmoi_api" name="test_get_messages_response_shape" time="0.101" /><testcase classname="backend.tests.test_scoutmoi_api" name="test_logout_invalidates_session" time="0.453" /></testsuite></testsuites>