<?xml version="1.0" encoding="utf-8"?><testsuites name="pytest tests"><testsuite name="pytest" errors="0" failures="0" skipped="0" tests="15" time="2.385" timestamp="2026-07-26T20:16:24.793966+00:00" hostname="agent-env-20e85495-443d-49da-b895-e553771e79c6"><testcase classname="backend.tests.test_webrtc_lives_calls.TestLives" name="test_lives_requires_auth" time="0.976" /><testcase classname="backend.tests.test_webrtc_lives_calls.TestLives" name="test_start_live_video" time="0.051" /><testcase classname="backend.tests.test_webrtc_lives_calls.TestLives" name="test_start_live_audio_default_title" time="0.054" /><testcase classname="backend.tests.test_webrtc_lives_calls.TestLives" name="test_list_lives_contains_started" time="0.056" /><testcase classname="backend.tests.test_webrtc_lives_calls.TestLives" name="test_get_live_detail" time="0.053" /><testcase classname="backend.tests.test_webrtc_lives_calls.TestLives" name="test_get_live_unknown_404" time="0.053" /><testcase classname="backend.tests.test_webrtc_lives_calls.TestLives" name="test_end_live_non_host_403" time="0.053" /><testcase classname="backend.tests.test_webrtc_lives_calls.TestLives" name="test_end_live_host_ok" time="0.118" /><testcase classname="backend.tests.test_webrtc_lives_calls.TestLives" name="test_end_live_unknown_404" time="0.052" /><testcase classname="backend.tests.test_webrtc_lives_calls.TestCalls" name="test_calls_requires_auth" time="0.053" /><testcase classname="backend.tests.test_webrtc_lives_calls.TestCalls" name="test_start_call_video_posts_invite_message" time="0.219" /><testcase classname="backend.tests.test_webrtc_lives_calls.TestCalls" name="test_start_call_audio" time="0.102" /><testcase classname="backend.tests.test_webrtc_lives_calls.TestCalls" name="test_start_call_unknown_conversation_404" time="0.048" /><testcase classname="backend.tests.test_webrtc_lives_calls.TestCalls" name="test_start_call_non_participant_404" time="0.399" /><testcase classname="backend.tests.test_webrtc_lives_calls.TestCalls" name="test_messages_expose_call_field" time="0.076" /></testsuite></testsuites>